<?xml version="1.0" encoding="UTF-8"?>
<testsuite xmlns:xsi="http://www.w3.org/2001/XMLSchema-instance" xsi:noNamespaceSchemaLocation="https://maven.apache.org/surefire/maven-surefire-plugin/xsd/surefire-test-report.xsd" name="org.apache.maven.shared.project.utils.ProjectUtilsTest" time="0.001" tests="10" errors="0" skipped="0" failures="0">
  <properties>
[...]
</properties>
  <testcase name="getJoinedFolderFileAndDeeperRightFolder" classname="org.apache.maven.shared.project.utils.ProjectUtilsTest" time="0"/>
  <testcase name="getJoinedFolderNullDirectories" classname="org.apache.maven.shared.project.utils.ProjectUtilsTest" time="0"/>
  <testcase name="getJoinedFolderSameFile" classname="org.apache.maven.shared.project.utils.ProjectUtilsTest" time="0"/>
  <testcase name="getJoinedFolderDeeperLeftFolder" classname="org.apache.maven.shared.project.utils.ProjectUtilsTest" time="0"/>
  <testcase name="getJoinedFolderNullRightFolder" classname="org.apache.maven.shared.project.utils.ProjectUtilsTest" time="0"/>
  <testcase name="getJoinedFolderFileAndDeeperLeftFolder" classname="org.apache.maven.shared.project.utils.ProjectUtilsTest" time="0"/>
  <testcase name="getRootProjectForNull" classname="org.apache.maven.shared.project.utils.ProjectUtilsTest" time="0"/>
  <testcase name="getJoinedFolderDeeperRightFolder" classname="org.apache.maven.shared.project.utils.ProjectUtilsTest" time="0"/>
  <testcase name="getJoinedFolderNullLeftFolder" classname="org.apache.maven.shared.project.utils.ProjectUtilsTest" time="0"/>
  <testcase name="getJoinedFolderSameDirectory" classname="org.apache.maven.shared.project.utils.ProjectUtilsTest" time="0"/>
</testsuite>